2022-01-15 14:59:41,079 INFO [root] [base.py  (__init__:10)] - 初始化driver<selenium.webdriver.chrome.webdriver.WebDriver (session="89f877d6ff39dceef721c1483d7afb58")>
2022-01-15 14:59:41,079 INFO [root] [base.py  (base_click:33)] - 元素('link text', '注册')执行点击
2022-01-15 14:59:41,080 INFO [root] [base.py  (base_find_element:23)] - 查找元素('link text', '注册')
2022-01-15 15:00:11,840 INFO [root] [base.py  (base_find_element:23)] - 查找元素('id', 'username')
2022-01-15 15:00:11,902 INFO [root] [base.py  (base_input:39)] - 元素('id', 'username')清空
2022-01-15 15:00:11,989 INFO [root] [base.py  (base_input:41)] - 向元素('id', 'username')输入xiongmao
2022-01-15 15:00:11,990 INFO [root] [base.py  (base_find_element:23)] - 查找元素('id', 'password')
2022-01-15 15:00:12,032 INFO [root] [base.py  (base_input:39)] - 元素('id', 'password')清空
2022-01-15 15:00:12,089 INFO [root] [base.py  (base_input:41)] - 向元素('id', 'password')输入123456
2022-01-15 15:00:12,089 INFO [root] [base.py  (base_find_element:23)] - 查找元素('id', 'confirm-password')
2022-01-15 15:00:12,128 INFO [root] [base.py  (base_input:39)] - 元素('id', 'confirm-password')清空
2022-01-15 15:00:12,186 INFO [root] [base.py  (base_input:41)] - 向元素('id', 'confirm-password')输入123456
2022-01-15 15:00:12,186 INFO [root] [base.py  (base_find_element:23)] - 查找元素('id', 'email')
2022-01-15 15:00:12,227 INFO [root] [base.py  (base_input:39)] - 元素('id', 'email')清空
2022-01-15 15:00:12,261 INFO [root] [base.py  (base_input:41)] - 向元素('id', 'email')输入
2022-01-15 15:00:12,261 INFO [root] [base.py  (base_click:33)] - 元素('css selector', "button[class='btn btn-info text-white form-control")执行点击
2022-01-15 15:00:12,262 INFO [root] [base.py  (base_find_element:23)] - 查找元素('css selector', "button[class='btn btn-info text-white form-control")
2022-01-15 15:00:13,030 INFO [root] [base.py  (base_get_text:44)] - 获取元素('xpath', '//form/div[1]/div/div')文本
2022-01-15 15:00:13,031 INFO [root] [base.py  (base_find_element:23)] - 查找元素('xpath', '//form/div[1]/div/div')
2022-01-15 15:00:13,059 INFO [root] [base.py  (base_get_text:44)] - 获取元素('xpath', '//form/div[4]/div/div')文本
2022-01-15 15:00:13,059 INFO [root] [base.py  (base_find_element:23)] - 查找元素('xpath', '//form/div[4]/div/div')
2022-01-15 15:00:13,083 INFO [root] [test_register.py  (test_Register:49)] - 邮箱不能为空！
2022-01-15 15:00:13,084 INFO [root] [base.py  (base_find_element:23)] - 查找元素('id', 'username')
2022-01-15 15:00:13,122 INFO [root] [base.py  (base_input:39)] - 元素('id', 'username')清空
2022-01-15 15:00:13,178 INFO [root] [base.py  (base_input:41)] - 向元素('id', 'username')输入xiongmao
2022-01-15 15:00:13,178 INFO [root] [base.py  (base_find_element:23)] - 查找元素('id', 'password')
2022-01-15 15:00:13,223 INFO [root] [base.py  (base_input:39)] - 元素('id', 'password')清空
2022-01-15 15:00:13,283 INFO [root] [base.py  (base_input:41)] - 向元素('id', 'password')输入123456
2022-01-15 15:00:13,283 INFO [root] [base.py  (base_find_element:23)] - 查找元素('id', 'confirm-password')
2022-01-15 15:00:13,338 INFO [root] [base.py  (base_input:39)] - 元素('id', 'confirm-password')清空
2022-01-15 15:00:13,404 INFO [root] [base.py  (base_input:41)] - 向元素('id', 'confirm-password')输入123456
2022-01-15 15:00:13,404 INFO [root] [base.py  (base_find_element:23)] - 查找元素('id', 'email')
2022-01-15 15:00:13,447 INFO [root] [base.py  (base_input:39)] - 元素('id', 'email')清空
2022-01-15 15:00:13,522 INFO [root] [base.py  (base_input:41)] - 向元素('id', 'email')输入1262912010@qq.com
2022-01-15 15:00:13,522 INFO [root] [base.py  (base_click:33)] - 元素('css selector', "button[class='btn btn-info text-white form-control")执行点击
2022-01-15 15:00:13,522 INFO [root] [base.py  (base_find_element:23)] - 查找元素('css selector', "button[class='btn btn-info text-white form-control")
2022-01-15 15:00:13,641 INFO [root] [base.py  (base_get_text:44)] - 获取元素('xpath', '//form/div[1]/div/div')文本
2022-01-15 15:00:13,641 INFO [root] [base.py  (base_find_element:23)] - 查找元素('xpath', '//form/div[1]/div/div')
2022-01-15 15:00:13,692 INFO [root] [base.py  (base_get_text:44)] - 获取元素('xpath', '//form/div[4]/div/div')文本
2022-01-15 15:00:13,692 INFO [root] [base.py  (base_find_element:23)] - 查找元素('xpath', '//form/div[4]/div/div')
2022-01-15 15:00:13,728 ERROR [root] [test_register.py  (test_Register:43)] - <class 'AssertionError'>
